ì„œë²„ í™˜ê²½ ê°ì§€ë¨ - íŠ¹ë³„ ì„¤ì • ì ìš©
 * Serving Flask app 'app'
 * Debug mode: off
INFO:werkzeug:[31m[1mWARNING: This is a development server. Do not use it in a production deployment. Use a production WSGI server instead.[0m
 * Running on all addresses (0.0.0.0)
 * Running on http://127.0.0.1:3000
 * Running on http://172.30.0.2:3000
INFO:werkzeug:[33mPress CTRL+C to quit[0m
INFO:werkzeug:127.0.0.1 - - [26/Jul/2025 09:28:41] "GET / HTTP/1.1" 200 -
INFO:__main__:ê°ì§€ëœ í”Œë«í¼: YouTube
INFO:__main__:ë‹¤ìš´ë¡œë“œ ì‹œì‘: https://www.youtube.com/watch?v=test (í”Œë«í¼: YouTube)
INFO:__main__:pytubeë¡œ YouTube ë‹¤ìš´ë¡œë“œ ì‹œì‘: https://www.youtube.com/watch?v=test
ERROR:__main__:pytube ë‹¤ìš´ë¡œë“œ ì‹¤íŒ¨: regex_search: could not find match for (?:v=|\/)([0-9A-Za-z_-]{11}).*
ERROR:__main__:pytube ì‹¤íŒ¨: regex_search: could not find match for (?:v=|\/)([0-9A-Za-z_-]{11}).*
INFO:__main__:yt-dlpë¡œ YouTube ë‹¤ìš´ë¡œë“œ ì‹œë„...
ERROR: [youtube:truncated_id] test: Incomplete YouTube ID test. URL https://www.youtube.com/watch?v=test looks truncated.
INFO:__main__:ë‹¤ìš´ë¡œë“œ ì™„ë£Œ: service_info.txt
INFO:werkzeug:127.0.0.1 - - [26/Jul/2025 09:28:48] "POST / HTTP/1.1" 200 -
INFO:__main__:ê°ì§€ëœ í”Œë«í¼: YouTube
INFO:__main__:ë‹¤ìš´ë¡œë“œ ì‹œì‘: https://www.youtube.com/watch?v=dQw4w9WgXcQ (í”Œë«í¼: YouTube)
INFO:__main__:pytubeë¡œ YouTube ë‹¤ìš´ë¡œë“œ ì‹œì‘: https://www.youtube.com/watch?v=dQw4w9WgXcQ
ERROR:__main__:pytube ë‹¤ìš´ë¡œë“œ ì‹¤íŒ¨: HTTP Error 400: Bad Request
ERROR:__main__:pytube ì‹¤íŒ¨: HTTP Error 400: Bad Request
INFO:__main__:yt-dlpë¡œ YouTube ë‹¤ìš´ë¡œë“œ ì‹œë„...
ERROR: [youtube] dQw4w9WgXcQ: Failed to extract any player response; please report this issue on  https://github.com/yt-dlp/yt-dlp/issues?q= , filling out the appropriate issue template. Confirm you are on the latest version using  yt-dlp -U
INFO:__main__:ë‹¤ìš´ë¡œë“œ ì™„ë£Œ: service_info.txt
INFO:werkzeug:127.0.0.1 - - [26/Jul/2025 09:28:58] "POST / HTTP/1.1" 200 -
INFO:__main__:ê°ì§€ëœ í”Œë«í¼: YouTube
INFO:__main__:ë‹¤ìš´ë¡œë“œ ì‹œì‘: https://www.youtube.com/watch?v=dQw4w9WgXcQ (í”Œë«í¼: YouTube)
INFO:__main__:pytubeë¡œ YouTube ë‹¤ìš´ë¡œë“œ ì‹œì‘: https://www.youtube.com/watch?v=dQw4w9WgXcQ
ERROR:__main__:pytube ë‹¤ìš´ë¡œë“œ ì‹¤íŒ¨: HTTP Error 400: Bad Request
ERROR:__main__:pytube ì‹¤íŒ¨: HTTP Error 400: Bad Request
INFO:__main__:yt-dlpë¡œ YouTube ë‹¤ìš´ë¡œë“œ ì‹œë„...
ERROR: [youtube] dQw4w9WgXcQ: Failed to extract any player response; please report this issue on  https://github.com/yt-dlp/yt-dlp/issues?q= , filling out the appropriate issue template. Confirm you are on the latest version using  yt-dlp -U
INFO:werkzeug:127.0.0.1 - - [26/Jul/2025 09:29:08] "POST / HTTP/1.1" 200 -
INFO:__main__:ê°ì§€ëœ í”Œë«í¼: YouTube
INFO:__main__:ë‹¤ìš´ë¡œë“œ ì‹œì‘: https://www.youtube.com/watch?v=dQw4w9WgXcQ (í”Œë«í¼: YouTube)
INFO:__main__:pytubeë¡œ YouTube ë‹¤ìš´ë¡œë“œ ì‹œì‘: https://www.youtube.com/watch?v=dQw4w9WgXcQ
ERROR:__main__:pytube ë‹¤ìš´ë¡œë“œ ì‹¤íŒ¨: HTTP Error 400: Bad Request
ERROR:__main__:pytube ì‹¤íŒ¨: HTTP Error 400: Bad Request
INFO:__main__:yt-dlpë¡œ YouTube ë‹¤ìš´ë¡œë“œ ì‹œë„...
ERROR: [youtube] dQw4w9WgXcQ: Failed to extract any player response; please report this issue on  https://github.com/yt-dlp/yt-dlp/issues?q= , filling out the appropriate issue template. Confirm you are on the latest version using  yt-dlp -U
INFO:werkzeug:127.0.0.1 - - [26/Jul/2025 09:36:18] "POST / HTTP/1.1" 200 -
